<?xml version="1.0" encoding="UTF-8" ?>
<testsuite failures="0" time="0.112" errors="0" skipped="0" tests="77" name="edu.ucla.sspace.graph.WeightedDirectedMultigraphTest">
  <properties>
[...]
</properties>
  <testcase time="0.004" classname="edu.ucla.sspace.graph.WeightedDirectedMultigraphTest" name="testEquals"/>
  <testcase time="0" classname="edu.ucla.sspace.graph.WeightedDirectedMultigraphTest" name="testConstructor"/>
  <testcase time="0" classname="edu.ucla.sspace.graph.WeightedDirectedMultigraphTest" name="testAdd"/>
  <testcase time="0" classname="edu.ucla.sspace.graph.WeightedDirectedMultigraphTest" name="testConstructor2NullArg"/>
  <testcase time="0.002" classname="edu.ucla.sspace.graph.WeightedDirectedMultigraphTest" name="testEqualGeneric"/>
  <testcase time="0.038" classname="edu.ucla.sspace.graph.WeightedDirectedMultigraphTest" name="testContainsEdge"/>
  <testcase time="0" classname="edu.ucla.sspace.graph.WeightedDirectedMultigraphTest" name="testAddEdge"/>
  <testcase time="0.001" classname="edu.ucla.sspace.graph.WeightedDirectedMultigraphTest" name="testRemoveLesserVertexWithEdges"/>
  <testcase time="0.001" classname="edu.ucla.sspace.graph.WeightedDirectedMultigraphTest" name="testRemoveHigherVertexWithEdges"/>
  <testcase time="0.003" classname="edu.ucla.sspace.graph.WeightedDirectedMultigraphTest" name="testRemoveVertex"/>
  <testcase time="0.002" classname="edu.ucla.sspace.graph.WeightedDirectedMultigraphTest" name="testRemoveEdge"/>
  <testcase time="0" classname="edu.ucla.sspace.graph.WeightedDirectedMultigraphTest" name="testVertexIterator"/>
  <testcase time="0.004" classname="edu.ucla.sspace.graph.WeightedDirectedMultigraphTest" name="testEdgeIterator"/>
  <testcase time="0.002" classname="edu.ucla.sspace.graph.WeightedDirectedMultigraphTest" name="testEdgeIteratorSmall"/>
  <testcase time="0.001" classname="edu.ucla.sspace.graph.WeightedDirectedMultigraphTest" name="testEdgeIteratorSmallReverse"/>
  <testcase time="0.002" classname="edu.ucla.sspace.graph.WeightedDirectedMultigraphTest" name="testAdjacentEdges"/>
  <testcase time="0" classname="edu.ucla.sspace.graph.WeightedDirectedMultigraphTest" name="testAdjacencyListSize"/>
  <testcase time="0.001" classname="edu.ucla.sspace.graph.WeightedDirectedMultigraphTest" name="testAdjacentEdgesRemove"/>
  <testcase time="0.001" classname="edu.ucla.sspace.graph.WeightedDirectedMultigraphTest" name="testAdjacentEdgesAdd"/>
  <testcase time="0" classname="edu.ucla.sspace.graph.WeightedDirectedMultigraphTest" name="testClear"/>
  <testcase time="0.001" classname="edu.ucla.sspace.graph.WeightedDirectedMultigraphTest" name="testClearEdges"/>
  <testcase time="0.001" classname="edu.ucla.sspace.graph.WeightedDirectedMultigraphTest" name="testToString"/>
  <testcase time="0" classname="edu.ucla.sspace.graph.WeightedDirectedMultigraphTest" name="testVertexSetAdd"/>
  <testcase time="0.001" classname="edu.ucla.sspace.graph.WeightedDirectedMultigraphTest" name="testVertexSetAddFromGraph"/>
  <testcase time="0" classname="edu.ucla.sspace.graph.WeightedDirectedMultigraphTest" name="testVertexSetRemove"/>
  <testcase time="0" classname="edu.ucla.sspace.graph.WeightedDirectedMultigraphTest" name="testVertexSetRemoveFromGraph"/>
  <testcase time="0.001" classname="edu.ucla.sspace.graph.WeightedDirectedMultigraphTest" name="testVertexSetIteratorRemove"/>
  <testcase time="0" classname="edu.ucla.sspace.graph.WeightedDirectedMultigraphTest" name="testVertexSetIteratorTooFar"/>
  <testcase time="0" classname="edu.ucla.sspace.graph.WeightedDirectedMultigraphTest" name="testVertexSetIteratorRemoveTwice"/>
  <testcase time="0" classname="edu.ucla.sspace.graph.WeightedDirectedMultigraphTest" name="testVertexSetIteratorRemoveEarly"/>
  <testcase time="0" classname="edu.ucla.sspace.graph.WeightedDirectedMultigraphTest" name="testEdgeViewAdd"/>
  <testcase time="0" classname="edu.ucla.sspace.graph.WeightedDirectedMultigraphTest" name="testEdgeViewRemove"/>
  <testcase time="0.003" classname="edu.ucla.sspace.graph.WeightedDirectedMultigraphTest" name="testEdgeViewIterator"/>
  <testcase time="0" classname="edu.ucla.sspace.graph.WeightedDirectedMultigraphTest" name="testEdgeViewIteratorRemove"/>
  <testcase time="0" classname="edu.ucla.sspace.graph.WeightedDirectedMultigraphTest" name="testAdjacencyList"/>
  <testcase time="0.001" classname="edu.ucla.sspace.graph.WeightedDirectedMultigraphTest" name="testAdjacencyListRemoveEdge"/>
  <testcase time="0" classname="edu.ucla.sspace.graph.WeightedDirectedMultigraphTest" name="testAdjacencyListIterator"/>
  <testcase time="0" classname="edu.ucla.sspace.graph.WeightedDirectedMultigraphTest" name="testAdjacencyListNoVertex"/>
  <testcase time="0" classname="edu.ucla.sspace.graph.WeightedDirectedMultigraphTest" name="testAdjacencyListIteratorNextOffEnd"/>
  <testcase time="0.001" classname="edu.ucla.sspace.graph.WeightedDirectedMultigraphTest" name="testAdjacencyListIteratorRemove"/>
  <testcase time="0" classname="edu.ucla.sspace.graph.WeightedDirectedMultigraphTest" name="testAdjacencyListIteratorRemoveFirst"/>
  <testcase time="0" classname="edu.ucla.sspace.graph.WeightedDirectedMultigraphTest" name="testAdjacencyListIteratorRemoveTwice"/>
  <testcase time="0.001" classname="edu.ucla.sspace.graph.WeightedDirectedMultigraphTest" name="testAdjacentVertices"/>
  <testcase time="0" classname="edu.ucla.sspace.graph.WeightedDirectedMultigraphTest" name="testAdjacentVerticesAdd"/>
  <testcase time="0" classname="edu.ucla.sspace.graph.WeightedDirectedMultigraphTest" name="testAdjacentVerticesRemove"/>
  <testcase time="0" classname="edu.ucla.sspace.graph.WeightedDirectedMultigraphTest" name="testAdjacentVerticesIterator"/>
  <testcase time="0.001" classname="edu.ucla.sspace.graph.WeightedDirectedMultigraphTest" name="testAdjacentVerticesIteratorRemove"/>
  <testcase time="0.003" classname="edu.ucla.sspace.graph.WeightedDirectedMultigraphTest" name="testSubgraph"/>
  <testcase time="0.002" classname="edu.ucla.sspace.graph.WeightedDirectedMultigraphTest" name="testSubgraphContainsVertex"/>
  <testcase time="0.002" classname="edu.ucla.sspace.graph.WeightedDirectedMultigraphTest" name="testSubgraphContainsEdge"/>
  <testcase time="0.004" classname="edu.ucla.sspace.graph.WeightedDirectedMultigraphTest" name="testSubgraphAddEdge"/>
  <testcase time="0.003" classname="edu.ucla.sspace.graph.WeightedDirectedMultigraphTest" name="testSubgraphAddEdgeNewVertex"/>
  <testcase time="0.007" classname="edu.ucla.sspace.graph.WeightedDirectedMultigraphTest" name="testSubgraphRemoveEdge"/>
  <testcase time="0.002" classname="edu.ucla.sspace.graph.WeightedDirectedMultigraphTest" name="testSubgraphVerticesAdd"/>
  <testcase time="0.001" classname="edu.ucla.sspace.graph.WeightedDirectedMultigraphTest" name="testSubgraphVerticesRemove"/>
  <testcase time="0.001" classname="edu.ucla.sspace.graph.WeightedDirectedMultigraphTest" name="testSubgraphVerticesIteratorRemove"/>
  <testcase time="0.004" classname="edu.ucla.sspace.graph.WeightedDirectedMultigraphTest" name="testSubgraphEdges"/>
  <testcase time="0" classname="edu.ucla.sspace.graph.WeightedDirectedMultigraphTest" name="testSubgraphAdjacencyListContains"/>
  <testcase time="0.001" classname="edu.ucla.sspace.graph.WeightedDirectedMultigraphTest" name="testSubgraphAdjacencyListSize"/>
  <testcase time="0" classname="edu.ucla.sspace.graph.WeightedDirectedMultigraphTest" name="testSubgraphAdjacencyListAddNewVertex"/>
  <testcase time="0.001" classname="edu.ucla.sspace.graph.WeightedDirectedMultigraphTest" name="testSubgraphAdjacentVertices"/>
  <testcase time="0" classname="edu.ucla.sspace.graph.WeightedDirectedMultigraphTest" name="testSubgraphAdjacentVerticesAdd"/>
  <testcase time="0" classname="edu.ucla.sspace.graph.WeightedDirectedMultigraphTest" name="testSubgraphAdjacentVerticesRemove"/>
  <testcase time="0.001" classname="edu.ucla.sspace.graph.WeightedDirectedMultigraphTest" name="testSubgraphAdjacentVerticesIterator"/>
  <testcase time="0" classname="edu.ucla.sspace.graph.WeightedDirectedMultigraphTest" name="testSubgraphAdjacentVerticesIteratorRemove"/>
  <testcase time="0.002" classname="edu.ucla.sspace.graph.WeightedDirectedMultigraphTest" name="testSubgraphWhenVerticesRemovedFromBacking"/>
  <testcase time="0" classname="edu.ucla.sspace.graph.WeightedDirectedMultigraphTest" name="testSubgraphVertexIteratorWhenVerticesRemovedFromBacking"/>
  <testcase time="0.001" classname="edu.ucla.sspace.graph.WeightedDirectedMultigraphTest" name="testSubgraphEdgesWhenVerticesRemovedFromBacking"/>
  <testcase time="0" classname="edu.ucla.sspace.graph.WeightedDirectedMultigraphTest" name="testAddTypedEdges"/>
  <testcase time="0.001" classname="edu.ucla.sspace.graph.WeightedDirectedMultigraphTest" name="testNeighborsOfDifferentTypes"/>
  <testcase time="0.001" classname="edu.ucla.sspace.graph.WeightedDirectedMultigraphTest" name="testSubgraphOfSubtype"/>
  <testcase time="0.001" classname="edu.ucla.sspace.graph.WeightedDirectedMultigraphTest" name="testCopyAllVertices"/>
  <testcase time="0" classname="edu.ucla.sspace.graph.WeightedDirectedMultigraphTest" name="testCopy1vertex"/>
  <testcase time="0" classname="edu.ucla.sspace.graph.WeightedDirectedMultigraphTest" name="testCopy2vertex"/>
  <testcase time="0" classname="edu.ucla.sspace.graph.WeightedDirectedMultigraphTest" name="testCopy3vertexTriangle"/>
  <testcase time="0.001" classname="edu.ucla.sspace.graph.WeightedDirectedMultigraphTest" name="testCopy3vertexVee"/>
  <testcase time="0" classname="edu.ucla.sspace.graph.WeightedDirectedMultigraphTest" name="testEmptyCopy"/>
</testsuite>