<?xml version="1.0" encoding="UTF-8" ?>
<testsuite failures="0" time="0.101" errors="0" skipped="0" tests="41" name="edu.ucla.sspace.util.HashMultiMapTest">
  <properties>
[...]
</properties>
  <testcase time="0.001" classname="edu.ucla.sspace.util.HashMultiMapTest" name="testKeySet"/>
  <testcase time="0" classname="edu.ucla.sspace.util.HashMultiMapTest" name="testConstructor"/>
  <testcase time="0" classname="edu.ucla.sspace.util.HashMultiMapTest" name="testClear"/>
  <testcase time="0" classname="edu.ucla.sspace.util.HashMultiMapTest" name="testSize"/>
  <testcase time="0" classname="edu.ucla.sspace.util.HashMultiMapTest" name="testRemove"/>
  <testcase time="0" classname="edu.ucla.sspace.util.HashMultiMapTest" name="testPut"/>
  <testcase time="0" classname="edu.ucla.sspace.util.HashMultiMapTest" name="testPutConflict"/>
  <testcase time="0" classname="edu.ucla.sspace.util.HashMultiMapTest" name="testContainsKey"/>
  <testcase time="0" classname="edu.ucla.sspace.util.HashMultiMapTest" name="testContainsKeyFalse"/>
  <testcase time="0" classname="edu.ucla.sspace.util.HashMultiMapTest" name="testContainsValue"/>
  <testcase time="0" classname="edu.ucla.sspace.util.HashMultiMapTest" name="testContainsValueFalse"/>
  <testcase time="0" classname="edu.ucla.sspace.util.HashMultiMapTest" name="testKeyIterator"/>
  <testcase time="0" classname="edu.ucla.sspace.util.HashMultiMapTest" name="testValueIterator"/>
  <testcase time="0" classname="edu.ucla.sspace.util.HashMultiMapTest" name="testIteratorHasNext"/>
  <testcase time="0" classname="edu.ucla.sspace.util.HashMultiMapTest" name="testIteratorNextError"/>
  <testcase time="0.003" classname="edu.ucla.sspace.util.HashMultiMapTest" name="testMultipleRemoves"/>
  <testcase time="0" classname="edu.ucla.sspace.util.HashMultiMapTest" name="testIsEmpty"/>
  <testcase time="0.005" classname="edu.ucla.sspace.util.HashMultiMapTest" name="testMapConstructor"/>
  <testcase time="0" classname="edu.ucla.sspace.util.HashMultiMapTest" name="testMapConstructorNull"/>
  <testcase time="0" classname="edu.ucla.sspace.util.HashMultiMapTest" name="testPutMany"/>
  <testcase time="0" classname="edu.ucla.sspace.util.HashMultiMapTest" name="testPutEmptyString"/>
  <testcase time="0" classname="edu.ucla.sspace.util.HashMultiMapTest" name="testPutDifferentFirstChars"/>
  <testcase time="0" classname="edu.ucla.sspace.util.HashMultiMapTest" name="testPutSubstringOfKey"/>
  <testcase time="0" classname="edu.ucla.sspace.util.HashMultiMapTest" name="testPutKeyIsLonger"/>
  <testcase time="0" classname="edu.ucla.sspace.util.HashMultiMapTest" name="testPutKeyIsLongerByOne"/>
  <testcase time="0" classname="edu.ucla.sspace.util.HashMultiMapTest" name="testPutKeysLongerByOne"/>
  <testcase time="0.055" classname="edu.ucla.sspace.util.HashMultiMapTest" name="testPutLotsOfRandomPrefixes"/>
  <testcase time="0.016" classname="edu.ucla.sspace.util.HashMultiMapTest" name="testPutLotsOfOrderedPrefixes"/>
  <testcase time="0.001" classname="edu.ucla.sspace.util.HashMultiMapTest" name="testPutNumberKeysRandomOrder"/>
  <testcase time="0" classname="edu.ucla.sspace.util.HashMultiMapTest" name="testEntrySetValue"/>
  <testcase time="0.001" classname="edu.ucla.sspace.util.HashMultiMapTest" name="testEmptyIteratorNextError"/>
  <testcase time="0" classname="edu.ucla.sspace.util.HashMultiMapTest" name="testIteratorRemove"/>
  <testcase time="0" classname="edu.ucla.sspace.util.HashMultiMapTest" name="testIteratorRemoveTwice"/>
  <testcase time="0" classname="edu.ucla.sspace.util.HashMultiMapTest" name="testRemoveEmptyString"/>
  <testcase time="0" classname="edu.ucla.sspace.util.HashMultiMapTest" name="testRemoveIntermediate"/>
  <testcase time="0" classname="edu.ucla.sspace.util.HashMultiMapTest" name="testRemoveTerminal"/>
  <testcase time="0.005" classname="edu.ucla.sspace.util.HashMultiMapTest" name="testSizeLotsOfPrefixes"/>
  <testcase time="0.007" classname="edu.ucla.sspace.util.HashMultiMapTest" name="testSizeLotsOfRandomPrefixes"/>
  <testcase time="0" classname="edu.ucla.sspace.util.HashMultiMapTest" name="testRange"/>
  <testcase time="0.007" classname="edu.ucla.sspace.util.HashMultiMapTest" name="testRangeIncreasing"/>
  <testcase time="0" classname="edu.ucla.sspace.util.HashMultiMapTest" name="testEmptyEntrySet"/>
</testsuite>