<?xml version="1.0" encoding="UTF-8" ?>
<testsuite failures="0" time="0.061" errors="0" skipped="0" tests="72" name="edu.ucla.sspace.graph.SparseWeightedGraphTests">
  <properties>
[...]
</properties>
  <testcase time="0.002" classname="edu.ucla.sspace.graph.SparseWeightedGraphTests" name="testConstructor"/>
  <testcase time="0" classname="edu.ucla.sspace.graph.SparseWeightedGraphTests" name="testGetEdges"/>
  <testcase time="0" classname="edu.ucla.sspace.graph.SparseWeightedGraphTests" name="testConstructor2NullArg"/>
  <testcase time="0.042" classname="edu.ucla.sspace.graph.SparseWeightedGraphTests" name="testContainsEdge"/>
  <testcase time="0" classname="edu.ucla.sspace.graph.SparseWeightedGraphTests" name="testAddEdge"/>
  <testcase time="0.001" classname="edu.ucla.sspace.graph.SparseWeightedGraphTests" name="testRemoveLesserVertexWithEdges"/>
  <testcase time="0" classname="edu.ucla.sspace.graph.SparseWeightedGraphTests" name="testRemoveHigherVertexWithEdges"/>
  <testcase time="0.001" classname="edu.ucla.sspace.graph.SparseWeightedGraphTests" name="testRemoveVertex"/>
  <testcase time="0.001" classname="edu.ucla.sspace.graph.SparseWeightedGraphTests" name="testRemoveEdge"/>
  <testcase time="0.001" classname="edu.ucla.sspace.graph.SparseWeightedGraphTests" name="testVertexIterator"/>
  <testcase time="0" classname="edu.ucla.sspace.graph.SparseWeightedGraphTests" name="testEdgeIterator"/>
  <testcase time="0.001" classname="edu.ucla.sspace.graph.SparseWeightedGraphTests" name="testEdgeIteratorSmall"/>
  <testcase time="0" classname="edu.ucla.sspace.graph.SparseWeightedGraphTests" name="testEdgeIteratorSmallReverse"/>
  <testcase time="0.001" classname="edu.ucla.sspace.graph.SparseWeightedGraphTests" name="testAdjacentEdges"/>
  <testcase time="0" classname="edu.ucla.sspace.graph.SparseWeightedGraphTests" name="testAdjacencyListSize"/>
  <testcase time="0.001" classname="edu.ucla.sspace.graph.SparseWeightedGraphTests" name="testAdjacentEdgesRemove"/>
  <testcase time="0" classname="edu.ucla.sspace.graph.SparseWeightedGraphTests" name="testAdjacentEdgesAdd"/>
  <testcase time="0.001" classname="edu.ucla.sspace.graph.SparseWeightedGraphTests" name="testClear"/>
  <testcase time="0" classname="edu.ucla.sspace.graph.SparseWeightedGraphTests" name="testClearEdges"/>
  <testcase time="0.001" classname="edu.ucla.sspace.graph.SparseWeightedGraphTests" name="testToString"/>
  <testcase time="0" classname="edu.ucla.sspace.graph.SparseWeightedGraphTests" name="testVertexSetAdd"/>
  <testcase time="0" classname="edu.ucla.sspace.graph.SparseWeightedGraphTests" name="testVertexSetAddFromGraph"/>
  <testcase time="0" classname="edu.ucla.sspace.graph.SparseWeightedGraphTests" name="testVertexSetRemove"/>
  <testcase time="0" classname="edu.ucla.sspace.graph.SparseWeightedGraphTests" name="testVertexSetRemoveFromGraph"/>
  <testcase time="0" classname="edu.ucla.sspace.graph.SparseWeightedGraphTests" name="testVertexSetIteratorRemove"/>
  <testcase time="0" classname="edu.ucla.sspace.graph.SparseWeightedGraphTests" name="testVertexSetIteratorTooFar"/>
  <testcase time="0" classname="edu.ucla.sspace.graph.SparseWeightedGraphTests" name="testVertexSetIteratorRemoveTwice"/>
  <testcase time="0" classname="edu.ucla.sspace.graph.SparseWeightedGraphTests" name="testVertexSetIteratorRemoveEarly"/>
  <testcase time="0" classname="edu.ucla.sspace.graph.SparseWeightedGraphTests" name="testEdgeViewAdd"/>
  <testcase time="0" classname="edu.ucla.sspace.graph.SparseWeightedGraphTests" name="testEdgeViewRemove"/>
  <testcase time="0.001" classname="edu.ucla.sspace.graph.SparseWeightedGraphTests" name="testEdgeViewIterator"/>
  <testcase time="0" classname="edu.ucla.sspace.graph.SparseWeightedGraphTests" name="testEdgeViewIteratorRemove"/>
  <testcase time="0" classname="edu.ucla.sspace.graph.SparseWeightedGraphTests" name="testAdjacencyList"/>
  <testcase time="0" classname="edu.ucla.sspace.graph.SparseWeightedGraphTests" name="testAdjacencyListRemoveEdge"/>
  <testcase time="0" classname="edu.ucla.sspace.graph.SparseWeightedGraphTests" name="testAdjacencyListAddEdge"/>
  <testcase time="0.001" classname="edu.ucla.sspace.graph.SparseWeightedGraphTests" name="testAdjacencyListIterator"/>
  <testcase time="0" classname="edu.ucla.sspace.graph.SparseWeightedGraphTests" name="testAdjacencyListNoVertex"/>
  <testcase time="0" classname="edu.ucla.sspace.graph.SparseWeightedGraphTests" name="testAdjacencyListIteratorNextOffEnd"/>
  <testcase time="0" classname="edu.ucla.sspace.graph.SparseWeightedGraphTests" name="testAdjacencyListIteratorRemove"/>
  <testcase time="0" classname="edu.ucla.sspace.graph.SparseWeightedGraphTests" name="testAdjacencyListIteratorRemoveFirst"/>
  <testcase time="0" classname="edu.ucla.sspace.graph.SparseWeightedGraphTests" name="testAdjacencyListIteratorRemoveTwice"/>
  <testcase time="0.002" classname="edu.ucla.sspace.graph.SparseWeightedGraphTests" name="testAdjacentVertices"/>
  <testcase time="0" classname="edu.ucla.sspace.graph.SparseWeightedGraphTests" name="testAdjacentVerticesAdd"/>
  <testcase time="0" classname="edu.ucla.sspace.graph.SparseWeightedGraphTests" name="testAdjacentVerticesRemove"/>
  <testcase time="0" classname="edu.ucla.sspace.graph.SparseWeightedGraphTests" name="testAdjacentVerticesIterator"/>
  <testcase time="0.001" classname="edu.ucla.sspace.graph.SparseWeightedGraphTests" name="testAdjacentVerticesIteratorRemove"/>
  <testcase time="0" classname="edu.ucla.sspace.graph.SparseWeightedGraphTests" name="testSubgraph"/>
  <testcase time="0" classname="edu.ucla.sspace.graph.SparseWeightedGraphTests" name="testSubgraphContainsVertex"/>
  <testcase time="0" classname="edu.ucla.sspace.graph.SparseWeightedGraphTests" name="testSubgraphContainsEdge"/>
  <testcase time="0" classname="edu.ucla.sspace.graph.SparseWeightedGraphTests" name="testSubgraphAddEdge"/>
  <testcase time="0" classname="edu.ucla.sspace.graph.SparseWeightedGraphTests" name="testSubgraphAddEdgeNewVertex"/>
  <testcase time="0" classname="edu.ucla.sspace.graph.SparseWeightedGraphTests" name="testSubgraphRemoveEdge"/>
  <testcase time="0" classname="edu.ucla.sspace.graph.SparseWeightedGraphTests" name="testSubgraphVerticesAdd"/>
  <testcase time="0" classname="edu.ucla.sspace.graph.SparseWeightedGraphTests" name="testSubgraphVerticesRemove"/>
  <testcase time="0.001" classname="edu.ucla.sspace.graph.SparseWeightedGraphTests" name="testSubgraphVerticesIteratorRemove"/>
  <testcase time="0" classname="edu.ucla.sspace.graph.SparseWeightedGraphTests" name="testSubgraphEdges"/>
  <testcase time="0" classname="edu.ucla.sspace.graph.SparseWeightedGraphTests" name="testSubgraphAdjacencyListContains"/>
  <testcase time="0" classname="edu.ucla.sspace.graph.SparseWeightedGraphTests" name="testSubgraphAdjacencyListSize"/>
  <testcase time="0" classname="edu.ucla.sspace.graph.SparseWeightedGraphTests" name="testSubgraphAdjacencyListAddNewVertex"/>
  <testcase time="0.001" classname="edu.ucla.sspace.graph.SparseWeightedGraphTests" name="testSubgraphAdjacentVertices"/>
  <testcase time="0" classname="edu.ucla.sspace.graph.SparseWeightedGraphTests" name="testSubgraphAdjacentVerticesAdd"/>
  <testcase time="0" classname="edu.ucla.sspace.graph.SparseWeightedGraphTests" name="testSubgraphAdjacentVerticesRemove"/>
  <testcase time="0" classname="edu.ucla.sspace.graph.SparseWeightedGraphTests" name="testSubgraphAdjacentVerticesIterator"/>
  <testcase time="0" classname="edu.ucla.sspace.graph.SparseWeightedGraphTests" name="testSubgraphAdjacentVerticesIteratorRemove"/>
  <testcase time="0.001" classname="edu.ucla.sspace.graph.SparseWeightedGraphTests" name="testSubgraphWhenVerticesRemovedFromBacking"/>
  <testcase time="0" classname="edu.ucla.sspace.graph.SparseWeightedGraphTests" name="testSubgraphVertexIteratorWhenVerticesRemovedFromBacking"/>
  <testcase time="0" classname="edu.ucla.sspace.graph.SparseWeightedGraphTests" name="testSubgraphEdgesWhenVerticesRemovedFromBacking"/>
  <testcase time="0" classname="edu.ucla.sspace.graph.SparseWeightedGraphTests" name="testConstructor1NullArg"/>
  <testcase time="0" classname="edu.ucla.sspace.graph.SparseWeightedGraphTests" name="testAddVertex"/>
  <testcase time="0" classname="edu.ucla.sspace.graph.SparseWeightedGraphTests" name="testEdgeIteratorBidirectionalEdges"/>
  <testcase time="0" classname="edu.ucla.sspace.graph.SparseWeightedGraphTests" name="testSubgraphAdjacencyListAdd"/>
  <testcase time="0" classname="edu.ucla.sspace.graph.SparseWeightedGraphTests" name="testAddEdgeDifferentWeights"/>
</testsuite>